Rebuild target 'Target 1'
compiling main.c...
compiling pwm.c...
compiling oled.c...
compiling myiic.c...
compiling timer.c...
compiling key.c...
compiling app_ui.c...
..\GUI_APP\src\app_ui.c(77): warning:  #167-D: argument of type "uint8_t *" is incompatible with parameter of type "const char *"
                          lv_label_set_text(date_year, num_year);
..\GUI_APP\src\app_ui.c(80): warning:  #167-D: argument of type "uint8_t *" is incompatible with parameter of type "const char *"
                      lv_label_set_text(date_month, num_month);
..\GUI_APP\src\app_ui.c(83): warning:  #167-D: argument of type "uint8_t *" is incompatible with parameter of type "const char *"
                  lv_label_set_text(date_day, num_day);
..\GUI_APP\src\app_ui.c(86): warning:  #167-D: argument of type "uint8_t *" is incompatible with parameter of type "const char *"
              lv_label_set_text(time_HH, num_HH);
..\GUI_APP\src\app_ui.c(89): warning:  #167-D: argument of type "uint8_t *" is incompatible with parameter of type "const char *"
          lv_label_set_text(time_MM, num_MM);
..\GUI_APP\src\app_ui.c(106): warning:  #167-D: argument of type "uint8_t *" is incompatible with parameter of type "const char *"
                  lv_label_set_text(HBP_num, num_HBP);
..\GUI_APP\src\app_ui.c(111): warning:  #167-D: argument of type "uint8_t *" is incompatible with parameter of type "const char *"
                  lv_label_set_text(LBP_num, num_LBP);
..\GUI_APP\src\app_ui.c(116): warning:  #167-D: argument of type "uint8_t *" is incompatible with parameter of type "const char *"
                  lv_label_set_text(P_num, num_P);
..\GUI_APP\src\app_ui.c(199): warning:  #167-D: argument of type "uint8_t *" is incompatible with parameter of type "const char *"
      lv_label_set_text(time_HH, num_HH);
..\GUI_APP\src\app_ui.c(204): warning:  #167-D: argument of type "uint8_t *" is incompatible with parameter of type "const char *"
      lv_label_set_text(time_MM, num_MM);
..\GUI_APP\src\app_ui.c(212): warning:  #167-D: argument of type "uint8_t *" is incompatible with parameter of type "const char *"
      lv_label_set_text(date_year, num_year);
..\GUI_APP\src\app_ui.c(215): warning:  #167-D: argument of type "uint8_t *" is incompatible with parameter of type "const char *"
      lv_label_set_text(date_month, num_month);
..\GUI_APP\src\app_ui.c(218): warning:  #167-D: argument of type "uint8_t *" is incompatible with parameter of type "const char *"
      lv_label_set_text(date_day, num_day);
..\GUI_APP\src\app_ui.c(233): warning:  #167-D: argument of type "uint8_t *" is incompatible with parameter of type "const char *"
      lv_label_set_text(P_num, num_P);
..\GUI_APP\src\app_ui.c(242): warning:  #167-D: argument of type "uint8_t *" is incompatible with parameter of type "const char *"
      lv_label_set_text(HBP_num, num_HBP);
..\GUI_APP\src\app_ui.c(250): warning:  #167-D: argument of type "uint8_t *" is incompatible with parameter of type "const char *"
      lv_label_set_text(LBP_num, num_LBP);
..\GUI_APP\src\app_ui.c(268): warning:  #167-D: argument of type "void (*)(void)" is incompatible with parameter of type "lv_task_cb_t"
      task_time_refresh = lv_task_create(time_refresh, 1000, LV_TASK_PRIO_HIGH, NULL);
..\GUI_APP\src\app_ui.c: 17 warnings, 0 errors
compiling menu.c...
compiling lv_disp.c...
compiling lv_group.c...
compiling lv_indev.c...
compiling lv_obj.c...
compiling lv_refr.c...
compiling lv_style.c...
compiling lv_draw.c...
compiling lv_draw_arc.c...
compiling lv_draw_basic.c...
compiling lv_draw_img.c...
compiling lv_draw_label.c...
compiling lv_draw_line.c...
compiling lv_draw_rect.c...
compiling lv_draw_triangle.c...
compiling lv_img_cache.c...
compiling lv_img_decoder.c...
compiling iconfont_16.c...
compiling iconfont_18.c...
compiling lv_font.c...
compiling lv_font_fmt_txt.c...
compiling lv_font_roboto_12.c...
compiling lv_font_roboto_16.c...
compiling lv_font_roboto_22.c...
compiling lv_font_roboto_28.c...
compiling lv_font_unscii_8.c...
compiling lv_hal_disp.c...
compiling lv_hal_indev.c...
compiling lv_hal_tick.c...
compiling lv_anim.c...
compiling lv_area.c...
compiling lv_async.c...
compiling lv_circ.c...
compiling lv_color.c...
compiling lv_fs.c...
compiling lv_gc.c...
compiling lv_ll.c...
compiling lv_log.c...
compiling lv_math.c...
compiling lv_mem.c...
compiling lv_task.c...
compiling lv_templ.c...
compiling lv_txt.c...
compiling lv_utils.c...
compiling lv_arc.c...
compiling lv_bar.c...
compiling lv_btn.c...
compiling lv_btnm.c...
compiling lv_calendar.c...
compiling lv_canvas.c...
compiling lv_cb.c...
compiling lv_chart.c...
compiling lv_cont.c...
compiling lv_ddlist.c...
compiling lv_gauge.c...
compiling lv_img.c...
compiling lv_imgbtn.c...
compiling lv_kb.c...
compiling lv_label.c...
compiling lv_led.c...
compiling lv_line.c...
compiling lv_list.c...
compiling lv_lmeter.c...
compiling lv_mbox.c...
compiling lv_objx_templ.c...
compiling lv_page.c...
compiling lv_preload.c...
compiling lv_roller.c...
compiling lv_slider.c...
compiling lv_spinbox.c...
compiling lv_sw.c...
compiling lv_ta.c...
compiling lv_table.c...
compiling lv_tabview.c...
compiling lv_tileview.c...
compiling lv_win.c...
compiling lv_theme.c...
compiling lv_theme_alien.c...
compiling lv_theme_default.c...
compiling lv_theme_material.c...
compiling lv_theme_mono.c...
compiling lv_theme_nemo.c...
compiling lv_theme_night.c...
compiling lv_theme_templ.c...
compiling lv_theme_zen.c...
compiling lv_port_disp.c...
compiling lv_port_indev.c...
assembling startup_stm32f40_41xxx.s...
compiling delay.c...
compiling sys.c...
compiling usart.c...
compiling self_functions.c...
compiling cJSON.c...
compiling misc.c...
compiling stm32f4xx_tim.c...
compiling system_stm32f4xx.c...
compiling stm32f4xx_usart.c...
compiling stm32f4xx_rcc.c...
compiling stm32f4xx_it.c...
compiling stm32f4xx_gpio.c...
compiling stm32f4xx_fsmc.c...
linking...
Program Size: Code=71868 RO-data=33152 RW-data=6788 ZI-data=35668  
FromELF: creating hex file...
"..\Output\weiwei.axf" - 0 Error(s), 17 Warning(s).
